[2023-05-01T17:23:53.915] [DEBUG] cheese - login => username:admin,password:123456
[2023-05-01T17:23:53.922] [DEBUG] cheese - admin
[2023-05-01T17:24:30.072] [DEBUG] cheese - null
[2023-05-01T17:24:30.073] [DEBUG] cheese - null
[2023-05-01T17:25:52.097] [DEBUG] cheese - login => username:adminqq,password:123456
[2023-05-01T17:25:52.097] [DEBUG] cheese - adminqq
[2023-05-01T17:25:52.100] [DEBUG] cheese - null
[2023-05-01T17:25:52.101] [DEBUG] cheese - null
[2023-05-04T11:20:01.752] [DEBUG] cheese - login => username:admin,password:123456
[2023-05-04T11:20:01.757] [DEBUG] cheese - admin
[2023-05-04T11:20:01.785] [DEBUG] cheese - null
[2023-05-04T11:20:01.785] [DEBUG] cheese - null
[2023-05-04T11:22:02.809] [DEBUG] cheese - login => username:admin,password:123456
[2023-05-04T11:22:02.809] [DEBUG] cheese - admin
[2023-05-04T11:22:02.811] [DEBUG] cheese - null
[2023-05-04T11:22:02.811] [DEBUG] cheese - null
[2023-05-04T11:22:05.455] [DEBUG] cheese - login => username:admin,password:123456
[2023-05-04T11:22:05.455] [DEBUG] cheese - admin
[2023-05-04T11:22:05.457] [DEBUG] cheese - null
[2023-05-04T11:22:05.458] [DEBUG] cheese - null
[2023-05-04T11:22:17.210] [DEBUG] cheese - login => username:admin,password:123456
[2023-05-04T11:22:17.211] [DEBUG] cheese - admin
[2023-05-04T11:22:17.213] [DEBUG] cheese - null
[2023-05-04T11:22:17.213] [DEBUG] cheese - null
[2023-05-04T11:22:34.867] [DEBUG] cheese - login => username:admin,password:123456
[2023-05-04T11:22:34.867] [DEBUG] cheese - admin
[2023-05-04T11:22:34.869] [DEBUG] cheese - null
[2023-05-04T11:22:34.869] [DEBUG] cheese - null
[2023-05-04T11:22:38.095] [DEBUG] cheese - login => username:admin,password:123456
[2023-05-04T11:22:38.096] [DEBUG] cheese - admin
[2023-05-04T11:22:38.097] [DEBUG] cheese - null
[2023-05-04T11:22:38.097] [DEBUG] cheese - null
[2023-05-04T11:22:53.363] [DEBUG] cheese - login => username:admin,password:123456
[2023-05-04T11:22:53.363] [DEBUG] cheese - admin
[2023-05-04T11:22:53.365] [DEBUG] cheese - null
[2023-05-04T11:22:53.365] [DEBUG] cheese - null
[2023-05-04T11:23:15.535] [DEBUG] cheese - login => username:admin,password:123456
[2023-05-04T11:23:15.535] [DEBUG] cheese - admin
[2023-05-04T11:23:15.537] [DEBUG] cheese - null
[2023-05-04T11:23:15.537] [DEBUG] cheese - null
[2023-05-04T11:23:19.275] [DEBUG] cheese - login => username:admin111,password:1234561111
[2023-05-04T11:23:19.275] [DEBUG] cheese - admin111
[2023-05-04T11:23:19.277] [DEBUG] cheese - null
[2023-05-04T11:23:19.277] [DEBUG] cheese - null
[2023-05-04T11:23:23.864] [DEBUG] cheese - login => username:admin,password:123456
[2023-05-04T11:23:23.865] [DEBUG] cheese - admin
[2023-05-04T11:23:23.867] [DEBUG] cheese - null
[2023-05-04T11:23:23.867] [DEBUG] cheese - null
[2023-05-04T11:23:42.434] [DEBUG] cheese - login => username:zce,password:$08$lV0Gr4AKx7xH7cCU4KCGCOikNzGPaWIpw9W7A9BONIxoJ2.hGC9qi
[2023-05-04T11:23:42.434] [DEBUG] cheese - zce
[2023-05-04T11:23:42.437] [DEBUG] cheese - null
[2023-05-04T11:23:42.437] [DEBUG] cheese - null
[2023-05-04T11:26:51.094] [DEBUG] cheese - login => username:admin,password:123456
[2023-05-04T11:26:51.094] [DEBUG] cheese - admin
[2023-05-04T11:26:51.096] [DEBUG] cheese - null
[2023-05-04T11:26:51.097] [DEBUG] cheese - null
[2023-05-04T11:27:28.105] [DEBUG] cheese - login => username:admin,password:123456
[2023-05-04T11:27:28.105] [DEBUG] cheese - admin
[2023-05-04T11:27:28.107] [DEBUG] cheese - null
[2023-05-04T11:27:28.107] [DEBUG] cheese - null
[2023-05-04T11:28:02.535] [DEBUG] cheese - login => username:admin,password:123456
[2023-05-04T11:28:02.535] [DEBUG] cheese - admin
[2023-05-04T11:28:02.537] [DEBUG] cheese - null
[2023-05-04T11:28:02.537] [DEBUG] cheese - null
[2023-05-04T11:28:07.939] [DEBUG] cheese - login => username:admin,password:123456
[2023-05-04T11:28:07.939] [DEBUG] cheese - admin
[2023-05-04T11:28:07.941] [DEBUG] cheese - null
[2023-05-04T11:28:07.941] [DEBUG] cheese - null
[2023-05-04T11:32:00.383] [DEBUG] cheese - login => username:admin,password:123456
[2023-05-04T11:32:00.383] [DEBUG] cheese - admin
[2023-05-04T11:32:00.385] [DEBUG] cheese - null
[2023-05-04T11:32:00.386] [DEBUG] cheese - null
[2023-05-04T11:32:28.922] [DEBUG] cheese - login => username:admin,password:123456
[2023-05-04T11:32:28.922] [DEBUG] cheese - admin
[2023-05-04T11:32:28.925] [DEBUG] cheese - null
[2023-05-04T11:32:28.925] [DEBUG] cheese - null
[2023-05-04T11:34:05.440] [DEBUG] cheese - login => username:admin,password:123456
[2023-05-04T11:34:05.440] [DEBUG] cheese - admin
[2023-05-04T11:34:05.443] [DEBUG] cheese - null
[2023-05-04T11:34:05.443] [DEBUG] cheese - null
[2023-05-04T11:34:35.641] [DEBUG] cheese - login => username:admin,password:123456
[2023-05-04T11:34:35.641] [DEBUG] cheese - admin
[2023-05-04T11:34:35.644] [DEBUG] cheese - null
[2023-05-04T11:34:35.644] [DEBUG] cheese - null
[2023-05-04T11:35:34.801] [DEBUG] cheese - login => username:admin,password:123456
[2023-05-04T11:35:34.801] [DEBUG] cheese - admin
[2023-05-04T11:35:34.803] [DEBUG] cheese - null
[2023-05-04T11:35:34.803] [DEBUG] cheese - null
[2023-05-04T11:35:52.396] [DEBUG] cheese - login => username:admin,password:123456
[2023-05-04T11:35:52.396] [DEBUG] cheese - admin
[2023-05-04T11:35:52.398] [DEBUG] cheese - null
[2023-05-04T11:35:52.398] [DEBUG] cheese - null
[2023-05-04T11:36:25.811] [DEBUG] cheese - login => username:admin,password:123456
[2023-05-04T11:36:25.811] [DEBUG] cheese - admin
[2023-05-04T11:36:25.815] [DEBUG] cheese - null
[2023-05-04T11:36:25.815] [DEBUG] cheese - null
[2023-05-04T11:37:11.958] [DEBUG] cheese - login => username:admin,password:123456
[2023-05-04T11:37:11.958] [DEBUG] cheese - admin
[2023-05-04T11:37:11.960] [DEBUG] cheese - null
[2023-05-04T11:37:11.961] [DEBUG] cheese - null
[2023-05-04T11:37:52.286] [DEBUG] cheese - login => username:admin,password:123456
[2023-05-04T11:37:52.286] [DEBUG] cheese - admin
[2023-05-04T11:37:52.289] [DEBUG] cheese - null
[2023-05-04T11:37:52.289] [DEBUG] cheese - null
[2023-05-04T11:40:03.620] [DEBUG] cheese - login => username:admin,password:123456
[2023-05-04T11:40:03.620] [DEBUG] cheese - admin
[2023-05-04T11:40:03.622] [DEBUG] cheese - null
[2023-05-04T11:40:03.622] [DEBUG] cheese - null
[2023-05-04T11:45:45.306] [DEBUG] cheese - login => username:admin,password:123456
[2023-05-04T11:45:45.306] [DEBUG] cheese - admin
[2023-05-04T11:45:45.308] [DEBUG] cheese - null
[2023-05-04T11:45:45.308] [DEBUG] cheese - null
[2023-05-04T11:46:57.640] [DEBUG] cheese - login => username:admin,password:123456
[2023-05-04T11:46:57.640] [DEBUG] cheese - admin
[2023-05-04T11:46:57.643] [DEBUG] cheese - null
[2023-05-04T11:46:57.643] [DEBUG] cheese - null
[2023-05-04T11:47:00.377] [DEBUG] cheese - login => username:admin,password:123456
[2023-05-04T11:47:00.377] [DEBUG] cheese - admin
[2023-05-04T11:47:00.379] [DEBUG] cheese - null
[2023-05-04T11:47:00.379] [DEBUG] cheese - null
[2023-05-04T11:47:04.996] [DEBUG] cheese - login => username:admin,password:123456
[2023-05-04T11:47:04.996] [DEBUG] cheese - admin
[2023-05-04T11:47:04.998] [DEBUG] cheese - null
[2023-05-04T11:47:04.998] [DEBUG] cheese - null
[2023-05-04T11:48:44.332] [DEBUG] cheese - login => username:admin,password:123456
[2023-05-04T11:48:44.332] [DEBUG] cheese - admin
[2023-05-04T11:48:44.334] [DEBUG] cheese - null
[2023-05-04T11:48:44.334] [DEBUG] cheese - null
[2023-05-04T11:50:38.264] [DEBUG] cheese - login => username:admin,password:123456
[2023-05-04T11:50:38.264] [DEBUG] cheese - admin
[2023-05-04T11:50:38.267] [DEBUG] cheese - null
[2023-05-04T11:50:38.267] [DEBUG] cheese - null
[2023-05-04T12:01:13.896] [DEBUG] cheese - login => username:admin,password:123456
[2023-05-04T12:01:13.896] [DEBUG] cheese - admin
[2023-05-04T12:01:13.900] [DEBUG] cheese - null
[2023-05-04T12:01:13.900] [DEBUG] cheese - null
[2023-05-04T12:02:21.503] [DEBUG] cheese - login => username:admin,password:123456
[2023-05-04T12:02:21.503] [DEBUG] cheese - admin
[2023-05-04T12:02:21.510] [DEBUG] cheese - null
[2023-05-04T12:02:21.510] [DEBUG] cheese - null
[2023-05-04T14:51:33.054] [DEBUG] cheese - login => username:admin,password:123456
[2023-05-04T14:51:33.055] [DEBUG] cheese - admin
[2023-05-04T14:51:33.059] [DEBUG] cheese - null
[2023-05-04T14:51:33.059] [DEBUG] cheese - null
[2023-05-04T14:52:11.280] [DEBUG] cheese - login => username:admin,password:123456
[2023-05-04T14:52:11.280] [DEBUG] cheese - admin
[2023-05-04T14:52:11.285] [DEBUG] cheese - null
[2023-05-04T14:52:11.285] [DEBUG] cheese - null
[2023-05-04T14:52:21.677] [DEBUG] cheese - login => username:admin,password:123456
[2023-05-04T14:52:21.677] [DEBUG] cheese - admin
[2023-05-04T14:52:21.682] [DEBUG] cheese - null
[2023-05-04T14:52:21.682] [DEBUG] cheese - null
[2023-05-04T15:08:11.477] [DEBUG] cheese - login => username:admin,password:123456
[2023-05-04T15:08:11.477] [DEBUG] cheese - admin
[2023-05-04T15:08:11.482] [DEBUG] cheese - null
[2023-05-04T15:08:11.482] [DEBUG] cheese - null
[2023-05-04T16:52:56.679] [DEBUG] cheese - login => username:admin,password:123456
[2023-05-04T16:52:56.680] [DEBUG] cheese - admin
[2023-05-04T16:52:56.683] [DEBUG] cheese - null
[2023-05-04T16:52:56.683] [DEBUG] cheese - null
[2023-05-04T16:56:09.211] [DEBUG] cheese - login => username:admin,password:123456
[2023-05-04T16:56:09.211] [DEBUG] cheese - admin
[2023-05-04T16:56:09.213] [DEBUG] cheese - null
[2023-05-04T16:56:09.213] [DEBUG] cheese - null
[2023-05-06T09:45:34.830] [DEBUG] cheese - login => username:admin,password:123456
[2023-05-06T09:45:34.836] [DEBUG] cheese - admin
[2023-05-06T09:45:34.869] [DEBUG] cheese - null
[2023-05-06T09:45:34.869] [DEBUG] cheese - null
[2023-05-06T09:47:21.175] [DEBUG] cheese - login => username:admin,password:123456
[2023-05-06T09:47:21.175] [DEBUG] cheese - admin
[2023-05-06T09:47:21.177] [DEBUG] cheese - null
[2023-05-06T09:47:21.177] [DEBUG] cheese - null
[2023-05-06T10:01:22.465] [DEBUG] cheese - login => username:admin,password:123456
[2023-05-06T10:01:22.466] [DEBUG] cheese - admin
[2023-05-06T10:01:22.518] [DEBUG] cheese - null
[2023-05-06T10:01:22.518] [DEBUG] cheese - null
[2023-05-06T14:13:17.308] [DEBUG] cheese - login => username:admin,password:123456
[2023-05-06T14:13:17.310] [DEBUG] cheese - admin
[2023-05-06T14:13:17.320] [DEBUG] cheese - null
[2023-05-06T14:13:17.321] [DEBUG] cheese - null
[2023-05-06T19:12:50.371] [DEBUG] cheese - login => username:admin,password:123456
[2023-05-06T19:12:50.384] [DEBUG] cheese - admin
[2023-05-06T19:12:50.406] [DEBUG] cheese - null
[2023-05-06T19:12:50.409] [DEBUG] cheese - null
[2023-05-06T19:29:37.836] [DEBUG] cheese - login => username:admin,password:123456
[2023-05-06T19:29:37.836] [DEBUG] cheese - admin
[2023-05-06T19:29:37.838] [DEBUG] cheese - null
[2023-05-06T19:29:37.839] [DEBUG] cheese - null
[2023-05-07T13:47:56.467] [DEBUG] cheese - login => username:admin,password:123456
[2023-05-07T13:47:56.488] [DEBUG] cheese - admin
[2023-05-07T13:47:56.528] [DEBUG] cheese - null
[2023-05-07T13:47:56.529] [DEBUG] cheese - null
[2023-05-08T08:50:08.455] [DEBUG] cheese - login => username:admin,password:123456
[2023-05-08T08:50:08.455] [DEBUG] cheese - admin
[2023-05-08T08:50:08.480] [DEBUG] cheese - null
[2023-05-08T08:50:08.480] [DEBUG] cheese - null
[2023-05-08T09:08:07.375] [DEBUG] cheese - login => username:admin,password:123456
[2023-05-08T09:08:07.376] [DEBUG] cheese - admin
[2023-05-08T09:08:07.410] [DEBUG] cheese - null
[2023-05-08T09:08:07.410] [DEBUG] cheese - null
[2023-05-08T17:20:57.472] [DEBUG] cheese - login => username:admin,password:123456
[2023-05-08T17:20:57.480] [DEBUG] cheese - admin
[2023-05-08T17:20:57.527] [DEBUG] cheese - null
[2023-05-08T17:20:57.528] [DEBUG] cheese - null
[2023-05-11T09:55:11.750] [DEBUG] cheese - login => username:admin,password:123456
[2023-05-11T09:55:11.756] [DEBUG] cheese - admin
[2023-05-11T09:55:11.858] [DEBUG] cheese - null
[2023-05-11T09:55:11.858] [DEBUG] cheese - null
